[2016-12-11 16:50:12] local.ERROR: exception 'RuntimeException' with message 'The only supported ciphers are AES-128-CBC and AES-256-CBC with the correct key lengths.' in /Users/jigenjisk/laravel/ch0/0fromTokyo/vendor/laravel/framework/src/Illuminate/Encryption/Encrypter.php:43
Stack trace:
#0 /Users/jigenjisk/laravel/ch0/0fromTokyo/vendor/laravel/framework/src/Illuminate/Encryption/EncryptionServiceProvider.php(27): Illuminate\Encryption\Encrypter->__construct('', 'AES-256-CBC')
#1 /Users/jigenjisk/laravel/ch0/0fromTokyo/vendor/laravel/framework/src/Illuminate/Container/Container.php(746): Illuminate\Encryption\EncryptionServiceProvider->Illuminate\Encryption\{closure}(Object(Illuminate\Foundation\Application), Array)
#2 /Users/jigenjisk/laravel/ch0/0fromTokyo/vendor/laravel/framework/src/Illuminate/Container/Container.php(644): Illuminate\Container\Container->build(Object(Closure), Array)
#3 /Users/jigenjisk/laravel/ch0/0fromTokyo/vendor/laravel/framework/src/Illuminate/Foundation/Application.php(709): Illuminate\Container\Container->make('encrypter', Array)
#4 /Users/jigenjisk/laravel/ch0/0fromTokyo/vendor/laravel/framework/src/Illuminate/Container/Container.php(864): Illuminate\Foundation\Application->make('Illuminate\\Cont...')
#5 /Users/jigenjisk/laravel/ch0/0fromTokyo/vendor/laravel/framework/src/Illuminate/Container/Container.php(819): Illuminate\Container\Container->resolveClass(Object(ReflectionParameter))
#6 /Users/jigenjisk/laravel/ch0/0fromTokyo/vendor/laravel/framework/src/Illuminate/Container/Container.php(790): Illuminate\Container\Container->getDependencies(Array, Array)
#7 /Users/jigenjisk/laravel/ch0/0fromTokyo/vendor/laravel/framework/src/Illuminate/Container/Container.php(644): Illuminate\Container\Container->build('App\\Http\\Middle...', Array)
#8 /Users/jigenjisk/laravel/ch0/0fromTokyo/vendor/laravel/framework/src/Illuminate/Foundation/Application.php(709): Illuminate\Container\Container->make('App\\Http\\Middle...', Array)
#9 /Users/jigenjisk/laravel/ch0/0fromTokyo/vendor/laravel/framework/src/Illuminate/Pipeline/Pipeline.php(127): Illuminate\Foundation\Application->make('App\\Http\\Middle...')
#10 /Users/jigenjisk/laravel/ch0/0fromTokyo/vendor/laravel/framework/src/Illuminate/Routing/Pipeline.php(33): Illuminate\Pipeline\Pipeline->Illuminate\Pipeline\{closure}(Object(Illuminate\Http\Request))
#11 /Users/jigenjisk/laravel/ch0/0fromTokyo/vendor/laravel/framework/src/Illuminate/Pipeline/Pipeline.php(104): Illuminate\Routing\Pipeline->Illuminate\Routing\{closure}(Object(Illuminate\Http\Request))
#12 /Users/jigenjisk/laravel/ch0/0fromTokyo/vendor/laravel/framework/src/Illuminate/Routing/Router.php(644): Illuminate\Pipeline\Pipeline->then(Object(Closure))
#13 /Users/jigenjisk/laravel/ch0/0fromTokyo/vendor/laravel/framework/src/Illuminate/Routing/Router.php(618): Illuminate\Routing\Router->runRouteWithinStack(Object(Illuminate\Routing\Route), Object(Illuminate\Http\Request))
#14 /Users/jigenjisk/laravel/ch0/0fromTokyo/vendor/laravel/framework/src/Illuminate/Routing/Router.php(596): Illuminate\Routing\Router->dispatchToRoute(Object(Illuminate\Http\Request))
#15 /Users/jigenjisk/laravel/ch0/0fromTokyo/vendor/laravel/framework/src/Illuminate/Foundation/Http/Kernel.php(268): Illuminate\Routing\Router->dispatch(Object(Illuminate\Http\Request))
#16 /Users/jigenjisk/laravel/ch0/0fromTokyo/vendor/laravel/framework/src/Illuminate/Routing/Pipeline.php(53): Illuminate\Foundation\Http\Kernel->Illuminate\Foundation\Http\{closure}(Object(Illuminate\Http\Request))
#17 /Users/jigenjisk/laravel/ch0/0fromTokyo/vendor/laravel/framework/src/Illuminate/Foundation/Http/Middleware/CheckForMaintenanceMode.php(46): Illuminate\Routing\Pipeline->Illuminate\Routing\{closure}(Object(Illuminate\Http\Request))
#18 /Users/jigenjisk/laravel/ch0/0fromTokyo/vendor/laravel/framework/src/Illuminate/Pipeline/Pipeline.php(137): Illuminate\Foundation\Http\Middleware\CheckForMaintenanceMode->handle(Object(Illuminate\Http\Request), Object(Closure))
#19 /Users/jigenjisk/laravel/ch0/0fromTokyo/vendor/laravel/framework/src/Illuminate/Routing/Pipeline.php(33): Illuminate\Pipeline\Pipeline->Illuminate\Pipeline\{closure}(Object(Illuminate\Http\Request))
#20 /Users/jigenjisk/laravel/ch0/0fromTokyo/vendor/laravel/framework/src/Illuminate/Pipeline/Pipeline.php(104): Illuminate\Routing\Pipeline->Illuminate\Routing\{closure}(Object(Illuminate\Http\Request))
#21 /Users/jigenjisk/laravel/ch0/0fromTokyo/vendor/laravel/framework/src/Illuminate/Foundation/Http/Kernel.php(150): Illuminate\Pipeline\Pipeline->then(Object(Closure))
#22 /Users/jigenjisk/laravel/ch0/0fromTokyo/vendor/laravel/framework/src/Illuminate/Foundation/Http/Kernel.php(117): Illuminate\Foundation\Http\Kernel->sendRequestThroughRouter(Object(Illuminate\Http\Request))
#23 /Users/jigenjisk/laravel/ch0/0fromTokyo/public/index.php(54): Illuminate\Foundation\Http\Kernel->handle(Object(Illuminate\Http\Request))
#24 /Users/jigenjisk/laravel/ch0/0fromTokyo/server.php(21): require_once('/Users/jigenjis...')
#25 {main}  
[2016-12-11 16:50:12] local.ERROR: exception 'RuntimeException' with message 'The only supported ciphers are AES-128-CBC and AES-256-CBC with the correct key lengths.' in /Users/jigenjisk/laravel/ch0/0fromTokyo/vendor/laravel/framework/src/Illuminate/Encryption/Encrypter.php:43
Stack trace:
#0 /Users/jigenjisk/laravel/ch0/0fromTokyo/vendor/laravel/framework/src/Illuminate/Encryption/EncryptionServiceProvider.php(27): Illuminate\Encryption\Encrypter->__construct('', 'AES-256-CBC')
#1 /Users/jigenjisk/laravel/ch0/0fromTokyo/vendor/laravel/framework/src/Illuminate/Container/Container.php(746): Illuminate\Encryption\EncryptionServiceProvider->Illuminate\Encryption\{closure}(Object(Illuminate\Foundation\Application), Array)
#2 /Users/jigenjisk/laravel/ch0/0fromTokyo/vendor/laravel/framework/src/Illuminate/Container/Container.php(644): Illuminate\Container\Container->build(Object(Closure), Array)
#3 /Users/jigenjisk/laravel/ch0/0fromTokyo/vendor/laravel/framework/src/Illuminate/Foundation/Application.php(709): Illuminate\Container\Container->make('encrypter', Array)
#4 /Users/jigenjisk/laravel/ch0/0fromTokyo/vendor/laravel/framework/src/Illuminate/Container/Container.php(864): Illuminate\Foundation\Application->make('Illuminate\\Cont...')
#5 /Users/jigenjisk/laravel/ch0/0fromTokyo/vendor/laravel/framework/src/Illuminate/Container/Container.php(819): Illuminate\Container\Container->resolveClass(Object(ReflectionParameter))
#6 /Users/jigenjisk/laravel/ch0/0fromTokyo/vendor/laravel/framework/src/Illuminate/Container/Container.php(790): Illuminate\Container\Container->getDependencies(Array, Array)
#7 /Users/jigenjisk/laravel/ch0/0fromTokyo/vendor/laravel/framework/src/Illuminate/Container/Container.php(644): Illuminate\Container\Container->build('App\\Http\\Middle...', Array)
#8 /Users/jigenjisk/laravel/ch0/0fromTokyo/vendor/laravel/framework/src/Illuminate/Foundation/Application.php(709): Illuminate\Container\Container->make('App\\Http\\Middle...', Array)
#9 /Users/jigenjisk/laravel/ch0/0fromTokyo/vendor/laravel/framework/src/Illuminate/Foundation/Http/Kernel.php(174): Illuminate\Foundation\Application->make('App\\Http\\Middle...')
#10 /Users/jigenjisk/laravel/ch0/0fromTokyo/public/index.php(58): Illuminate\Foundation\Http\Kernel->terminate(Object(Illuminate\Http\Request), Object(Illuminate\Http\Response))
#11 /Users/jigenjisk/laravel/ch0/0fromTokyo/server.php(21): require_once('/Users/jigenjis...')
#12 {main}  
[2016-12-11 17:44:48] local.ERROR: exception 'PDOException' with message 'SQLSTATE[42S02]: Base table or view not found: 1146 Table 'notehub.users' doesn't exist' in /Users/jigenjisk/laravel/ch0/0fromTokyo/vendor/laravel/framework/src/Illuminate/Database/Connection.php:332
Stack trace:
#0 /Users/jigenjisk/laravel/ch0/0fromTokyo/vendor/laravel/framework/src/Illuminate/Database/Connection.php(332): PDO->prepare('select count(*)...')
#1 /Users/jigenjisk/laravel/ch0/0fromTokyo/vendor/laravel/framework/src/Illuminate/Database/Connection.php(762): Illuminate\Database\Connection->Illuminate\Database\{closure}(Object(Illuminate\Database\MySqlConnection), 'select count(*)...', Array)
#2 /Users/jigenjisk/laravel/ch0/0fromTokyo/vendor/laravel/framework/src/Illuminate/Database/Connection.php(725): Illuminate\Database\Connection->runQueryCallback('select count(*)...', Array, Object(Closure))
#3 /Users/jigenjisk/laravel/ch0/0fromTokyo/vendor/laravel/framework/src/Illuminate/Database/Connection.php(350): Illuminate\Database\Connection->run('select count(*)...', Array, Object(Closure))
#4 /Users/jigenjisk/laravel/ch0/0fromTokyo/vendor/laravel/framework/src/Illuminate/Database/Query/Builder.php(1648): Illuminate\Database\Connection->select('select count(*)...', Array, false)
#5 /Users/jigenjisk/laravel/ch0/0fromTokyo/vendor/laravel/framework/src/Illuminate/Database/Query/Builder.php(1634): Illuminate\Database\Query\Builder->runSelect()
#6 /Users/jigenjisk/laravel/ch0/0fromTokyo/vendor/laravel/framework/src/Illuminate/Database/Query/Builder.php(2047): Illuminate\Database\Query\Builder->get(Array)
#7 /Users/jigenjisk/laravel/ch0/0fromTokyo/vendor/laravel/framework/src/Illuminate/Database/Query/Builder.php(1967): Illuminate\Database\Query\Builder->aggregate('count', Array)
#8 /Users/jigenjisk/laravel/ch0/0fromTokyo/vendor/laravel/framework/src/Illuminate/Validation/DatabasePresenceVerifier.php(65): Illuminate\Database\Query\Builder->count()
#9 /Users/jigenjisk/laravel/ch0/0fromTokyo/vendor/laravel/framework/src/Illuminate/Validation/Validator.php(1398): Illuminate\Validation\DatabasePresenceVerifier->getCount('users', 'email', 'skphysi929@gmai...', NULL, NULL, Array)
#10 /Users/jigenjisk/laravel/ch0/0fromTokyo/vendor/laravel/framework/src/Illuminate/Validation/Validator.php(517): Illuminate\Validation\Validator->validateUnique('email', 'skphysi929@gmai...', Array, Object(Illuminate\Validation\Validator))
#11 /Users/jigenjisk/laravel/ch0/0fromTokyo/vendor/laravel/framework/src/Illuminate/Validation/Validator.php(431): Illuminate\Validation\Validator->validateAttribute('email', 'unique:users')
#12 /Users/jigenjisk/laravel/ch0/0fromTokyo/vendor/laravel/framework/src/Illuminate/Validation/Validator.php(456): Illuminate\Validation\Validator->passes()
#13 /Users/jigenjisk/laravel/ch0/0fromTokyo/vendor/laravel/framework/src/Illuminate/Validation/Validator.php(468): Illuminate\Validation\Validator->fails()
#14 /Users/jigenjisk/laravel/ch0/0fromTokyo/vendor/laravel/framework/src/Illuminate/Foundation/Auth/RegistersUsers.php(31): Illuminate\Validation\Validator->validate()
#15 [internal function]: App\Http\Controllers\Auth\RegisterController->register(Object(Illuminate\Http\Request))
#16 /Users/jigenjisk/laravel/ch0/0fromTokyo/vendor/laravel/framework/src/Illuminate/Routing/Controller.php(55): call_user_func_array(Array, Array)
#17 /Users/jigenjisk/laravel/ch0/0fromTokyo/vendor/laravel/framework/src/Illuminate/Routing/ControllerDispatcher.php(44): Illuminate\Routing\Controller->callAction('register', Array)
#18 /Users/jigenjisk/laravel/ch0/0fromTokyo/vendor/laravel/framework/src/Illuminate/Routing/Route.php(190): Illuminate\Routing\ControllerDispatcher->dispatch(Object(Illuminate\Routing\Route), Object(App\Http\Controllers\Auth\RegisterController), 'register')
#19 /Users/jigenjisk/laravel/ch0/0fromTokyo/vendor/laravel/framework/src/Illuminate/Routing/Route.php(144): Illuminate\Routing\Route->runController()
#20 /Users/jigenjisk/laravel/ch0/0fromTokyo/vendor/laravel/framework/src/Illuminate/Routing/Router.php(642): Illuminate\Routing\Route->run(Object(Illuminate\Http\Request))
#21 /Users/jigenjisk/laravel/ch0/0fromTokyo/vendor/laravel/framework/src/Illuminate/Routing/Pipeline.php(53): Illuminate\Routing\Router->Illuminate\Routing\{closure}(Object(Illuminate\Http\Request))
#22 /Users/jigenjisk/laravel/ch0/0fromTokyo/app/Http/Middleware/RedirectIfAuthenticated.php(24): Illuminate\Routing\Pipeline->Illuminate\Routing\{closure}(Object(Illuminate\Http\Request))
#23 /Users/jigenjisk/laravel/ch0/0fromTokyo/vendor/laravel/framework/src/Illuminate/Pipeline/Pipeline.php(137): App\Http\Middleware\RedirectIfAuthenticated->handle(Object(Illuminate\Http\Request), Object(Closure))
#24 /Users/jigenjisk/laravel/ch0/0fromTokyo/vendor/laravel/framework/src/Illuminate/Routing/Pipeline.php(33): Illuminate\Pipeline\Pipeline->Illuminate\Pipeline\{closure}(Object(Illuminate\Http\Request))
#25 /Users/jigenjisk/laravel/ch0/0fromTokyo/vendor/laravel/framework/src/Illuminate/Routing/Middleware/SubstituteBindings.php(41): Illuminate\Routing\Pipeline->Illuminate\Routing\{closure}(Object(Illuminate\Http\Request))
#26 /Users/jigenjisk/laravel/ch0/0fromTokyo/vendor/laravel/framework/src/Illuminate/Pipeline/Pipeline.php(137): Illuminate\Routing\Middleware\SubstituteBindings->handle(Object(Illuminate\Http\Request), Object(Closure))
#27 /Users/jigenjisk/laravel/ch0/0fromTokyo/vendor/laravel/framework/src/Illuminate/Routing/Pipeline.php(33): Illuminate\Pipeline\Pipeline->Illuminate\Pipeline\{closure}(Object(Illuminate\Http\Request))
#28 /Users/jigenjisk/laravel/ch0/0fromTokyo/vendor/laravel/framework/src/Illuminate/Foundation/Http/Middleware/VerifyCsrfToken.php(65): Illuminate\Routing\Pipeline->Illuminate\Routing\{closure}(Object(Illuminate\Http\Request))
#29 /Users/jigenjisk/laravel/ch0/0fromTokyo/vendor/laravel/framework/src/Illuminate/Pipeline/Pipeline.php(137): Illuminate\Foundation\Http\Middleware\VerifyCsrfToken->handle(Object(Illuminate\Http\Request), Object(Closure))
#30 /Users/jigenjisk/laravel/ch0/0fromTokyo/vendor/laravel/framework/src/Illuminate/Routing/Pipeline.php(33): Illuminate\Pipeline\Pipeline->Illuminate\Pipeline\{closure}(Object(Illuminate\Http\Request))
#31 /Users/jigenjisk/laravel/ch0/0fromTokyo/vendor/laravel/framework/src/Illuminate/View/Middleware/ShareErrorsFromSession.php(49): Illuminate\Routing\Pipeline->Illuminate\Routing\{closure}(Object(Illuminate\Http\Request))
#32 /Users/jigenjisk/laravel/ch0/0fromTokyo/vendor/laravel/framework/src/Illuminate/Pipeline/Pipeline.php(137): Illuminate\View\Middleware\ShareErrorsFromSession->handle(Object(Illuminate\Http\Request), Object(Closure))
#33 /Users/jigenjisk/laravel/ch0/0fromTokyo/vendor/laravel/framework/src/Illuminate/Routing/Pipeline.php(33): Illuminate\Pipeline\Pipeline->Illuminate\Pipeline\{closure}(Object(Illuminate\Http\Request))
#34 /Users/jigenjisk/laravel/ch0/0fromTokyo/vendor/laravel/framework/src/Illuminate/Session/Middleware/StartSession.php(64): Illuminate\Routing\Pipeline->Illuminate\Routing\{closure}(Object(Illuminate\Http\Request))
#35 /Users/jigenjisk/laravel/ch0/0fromTokyo/vendor/laravel/framework/src/Illuminate/Pipeline/Pipeline.php(137): Illuminate\Session\Middleware\StartSession->handle(Object(Illuminate\Http\Request), Object(Closure))
#36 /Users/jigenjisk/laravel/ch0/0fromTokyo/vendor/laravel/framework/src/Illuminate/Routing/Pipeline.php(33): Illuminate\Pipeline\Pipeline->Illuminate\Pipeline\{closure}(Object(Illuminate\Http\Request))
#37 /Users/jigenjisk/laravel/ch0/0fromTokyo/vendor/laravel/framework/src/Illuminate/Cookie/Middleware/AddQueuedCookiesToResponse.php(37): Illuminate\Routing\Pipeline->Illuminate\Routing\{closure}(Object(Illuminate\Http\Request))
#38 /Users/jigenjisk/laravel/ch0/0fromTokyo/vendor/laravel/framework/src/Illuminate/Pipeline/Pipeline.php(137): Illuminate\Cookie\Middleware\AddQueuedCookiesToResponse->handle(Object(Illuminate\Http\Request), Object(Closure))
#39 /Users/jigenjisk/laravel/ch0/0fromTokyo/vendor/laravel/framework/src/Illuminate/Routing/Pipeline.php(33): Illuminate\Pipeline\Pipeline->Illuminate\Pipeline\{closure}(Object(Illuminate\Http\Request))
#40 /Users/jigenjisk/laravel/ch0/0fromTokyo/vendor/laravel/framework/src/Illuminate/Cookie/Middleware/EncryptCookies.php(59): Illuminate\Routing\Pipeline->Illuminate\Routing\{closure}(Object(Illuminate\Http\Request))
#41 /Users/jigenjisk/laravel/ch0/0fromTokyo/vendor/laravel/framework/src/Illuminate/Pipeline/Pipeline.php(137): Illuminate\Cookie\Middleware\EncryptCookies->handle(Object(Illuminate\Http\Request), Object(Closure))
#42 /Users/jigenjisk/laravel/ch0/0fromTokyo/vendor/laravel/framework/src/Illuminate/Routing/Pipeline.php(33): Illuminate\Pipeline\Pipeline->Illuminate\Pipeline\{closure}(Object(Illuminate\Http\Request))
#43 /Users/jigenjisk/laravel/ch0/0fromTokyo/vendor/laravel/framework/src/Illuminate/Pipeline/Pipeline.php(104): Illuminate\Routing\Pipeline->Illuminate\Routing\{closure}(Object(Illuminate\Http\Request))
#44 /Users/jigenjisk/laravel/ch0/0fromTokyo/vendor/laravel/framework/src/Illuminate/Routing/Router.php(644): Illuminate\Pipeline\Pipeline->then(Object(Closure))
#45 /Users/jigenjisk/laravel/ch0/0fromTokyo/vendor/laravel/framework/src/Illuminate/Routing/Router.php(618): Illuminate\Routing\Router->runRouteWithinStack(Object(Illuminate\Routing\Route), Object(Illuminate\Http\Request))
#46 /Users/jigenjisk/laravel/ch0/0fromTokyo/vendor/laravel/framework/src/Illuminate/Routing/Router.php(596): Illuminate\Routing\Router->dispatchToRoute(Object(Illuminate\Http\Request))
#47 /Users/jigenjisk/laravel/ch0/0fromTokyo/vendor/laravel/framework/src/Illuminate/Foundation/Http/Kernel.php(268): Illuminate\Routing\Router->dispatch(Object(Illuminate\Http\Request))
#48 /Users/jigenjisk/laravel/ch0/0fromTokyo/vendor/laravel/framework/src/Illuminate/Routing/Pipeline.php(53): Illuminate\Foundation\Http\Kernel->Illuminate\Foundation\Http\{closure}(Object(Illuminate\Http\Request))
#49 /Users/jigenjisk/laravel/ch0/0fromTokyo/vendor/laravel/framework/src/Illuminate/Foundation/Http/Middleware/CheckForMaintenanceMode.php(46): Illuminate\Routing\Pipeline->Illuminate\Routing\{closure}(Object(Illuminate\Http\Request))
#50 /Users/jigenjisk/laravel/ch0/0fromTokyo/vendor/laravel/framework/src/Illuminate/Pipeline/Pipeline.php(137): Illuminate\Foundation\Http\Middleware\CheckForMaintenanceMode->handle(Object(Illuminate\Http\Request), Object(Closure))
#51 /Users/jigenjisk/laravel/ch0/0fromTokyo/vendor/laravel/framework/src/Illuminate/Routing/Pipeline.php(33): Illuminate\Pipeline\Pipeline->Illuminate\Pipeline\{closure}(Object(Illuminate\Http\Request))
#52 /Users/jigenjisk/laravel/ch0/0fromTokyo/vendor/laravel/framework/src/Illuminate/Pipeline/Pipeline.php(104): Illuminate\Routing\Pipeline->Illuminate\Routing\{closure}(Object(Illuminate\Http\Request))
#53 /Users/jigenjisk/laravel/ch0/0fromTokyo/vendor/laravel/framework/src/Illuminate/Foundation/Http/Kernel.php(150): Illuminate\Pipeline\Pipeline->then(Object(Closure))
#54 /Users/jigenjisk/laravel/ch0/0fromTokyo/vendor/laravel/framework/src/Illuminate/Foundation/Http/Kernel.php(117): Illuminate\Foundation\Http\Kernel->sendRequestThroughRouter(Object(Illuminate\Http\Request))
#55 /Users/jigenjisk/laravel/ch0/0fromTokyo/public/index.php(54): Illuminate\Foundation\Http\Kernel->handle(Object(Illuminate\Http\Request))
#56 /Users/jigenjisk/laravel/ch0/0fromTokyo/server.php(21): require_once('/Users/jigenjis...')
#57 {main}

Next exception 'Illuminate\Database\QueryException' with message 'SQLSTATE[42S02]: Base table or view not found: 1146 Table 'notehub.users' doesn't exist (SQL: select count(*) as aggregate from `users` where `email` = skphysi929@gmail.com)' in /Users/jigenjisk/laravel/ch0/0fromTokyo/vendor/laravel/framework/src/Illuminate/Database/Connection.php:769
Stack trace:
#0 /Users/jigenjisk/laravel/ch0/0fromTokyo/vendor/laravel/framework/src/Illuminate/Database/Connection.php(725): Illuminate\Database\Connection->runQueryCallback('select count(*)...', Array, Object(Closure))
#1 /Users/jigenjisk/laravel/ch0/0fromTokyo/vendor/laravel/framework/src/Illuminate/Database/Connection.php(350): Illuminate\Database\Connection->run('select count(*)...', Array, Object(Closure))
#2 /Users/jigenjisk/laravel/ch0/0fromTokyo/vendor/laravel/framework/src/Illuminate/Database/Query/Builder.php(1648): Illuminate\Database\Connection->select('select count(*)...', Array, false)
#3 /Users/jigenjisk/laravel/ch0/0fromTokyo/vendor/laravel/framework/src/Illuminate/Database/Query/Builder.php(1634): Illuminate\Database\Query\Builder->runSelect()
#4 /Users/jigenjisk/laravel/ch0/0fromTokyo/vendor/laravel/framework/src/Illuminate/Database/Query/Builder.php(2047): Illuminate\Database\Query\Builder->get(Array)
#5 /Users/jigenjisk/laravel/ch0/0fromTokyo/vendor/laravel/framework/src/Illuminate/Database/Query/Builder.php(1967): Illuminate\Database\Query\Builder->aggregate('count', Array)
#6 /Users/jigenjisk/laravel/ch0/0fromTokyo/vendor/laravel/framework/src/Illuminate/Validation/DatabasePresenceVerifier.php(65): Illuminate\Database\Query\Builder->count()
#7 /Users/jigenjisk/laravel/ch0/0fromTokyo/vendor/laravel/framework/src/Illuminate/Validation/Validator.php(1398): Illuminate\Validation\DatabasePresenceVerifier->getCount('users', 'email', 'skphysi929@gmai...', NULL, NULL, Array)
#8 /Users/jigenjisk/laravel/ch0/0fromTokyo/vendor/laravel/framework/src/Illuminate/Validation/Validator.php(517): Illuminate\Validation\Validator->validateUnique('email', 'skphysi929@gmai...', Array, Object(Illuminate\Validation\Validator))
#9 /Users/jigenjisk/laravel/ch0/0fromTokyo/vendor/laravel/framework/src/Illuminate/Validation/Validator.php(431): Illuminate\Validation\Validator->validateAttribute('email', 'unique:users')
#10 /Users/jigenjisk/laravel/ch0/0fromTokyo/vendor/laravel/framework/src/Illuminate/Validation/Validator.php(456): Illuminate\Validation\Validator->passes()
#11 /Users/jigenjisk/laravel/ch0/0fromTokyo/vendor/laravel/framework/src/Illuminate/Validation/Validator.php(468): Illuminate\Validation\Validator->fails()
#12 /Users/jigenjisk/laravel/ch0/0fromTokyo/vendor/laravel/framework/src/Illuminate/Foundation/Auth/RegistersUsers.php(31): Illuminate\Validation\Validator->validate()
#13 [internal function]: App\Http\Controllers\Auth\RegisterController->register(Object(Illuminate\Http\Request))
#14 /Users/jigenjisk/laravel/ch0/0fromTokyo/vendor/laravel/framework/src/Illuminate/Routing/Controller.php(55): call_user_func_array(Array, Array)
#15 /Users/jigenjisk/laravel/ch0/0fromTokyo/vendor/laravel/framework/src/Illuminate/Routing/ControllerDispatcher.php(44): Illuminate\Routing\Controller->callAction('register', Array)
#16 /Users/jigenjisk/laravel/ch0/0fromTokyo/vendor/laravel/framework/src/Illuminate/Routing/Route.php(190): Illuminate\Routing\ControllerDispatcher->dispatch(Object(Illuminate\Routing\Route), Object(App\Http\Controllers\Auth\RegisterController), 'register')
#17 /Users/jigenjisk/laravel/ch0/0fromTokyo/vendor/laravel/framework/src/Illuminate/Routing/Route.php(144): Illuminate\Routing\Route->runController()
#18 /Users/jigenjisk/laravel/ch0/0fromTokyo/vendor/laravel/framework/src/Illuminate/Routing/Router.php(642): Illuminate\Routing\Route->run(Object(Illuminate\Http\Request))
#19 /Users/jigenjisk/laravel/ch0/0fromTokyo/vendor/laravel/framework/src/Illuminate/Routing/Pipeline.php(53): Illuminate\Routing\Router->Illuminate\Routing\{closure}(Object(Illuminate\Http\Request))
#20 /Users/jigenjisk/laravel/ch0/0fromTokyo/app/Http/Middleware/RedirectIfAuthenticated.php(24): Illuminate\Routing\Pipeline->Illuminate\Routing\{closure}(Object(Illuminate\Http\Request))
#21 /Users/jigenjisk/laravel/ch0/0fromTokyo/vendor/laravel/framework/src/Illuminate/Pipeline/Pipeline.php(137): App\Http\Middleware\RedirectIfAuthenticated->handle(Object(Illuminate\Http\Request), Object(Closure))
#22 /Users/jigenjisk/laravel/ch0/0fromTokyo/vendor/laravel/framework/src/Illuminate/Routing/Pipeline.php(33): Illuminate\Pipeline\Pipeline->Illuminate\Pipeline\{closure}(Object(Illuminate\Http\Request))
#23 /Users/jigenjisk/laravel/ch0/0fromTokyo/vendor/laravel/framework/src/Illuminate/Routing/Middleware/SubstituteBindings.php(41): Illuminate\Routing\Pipeline->Illuminate\Routing\{closure}(Object(Illuminate\Http\Request))
#24 /Users/jigenjisk/laravel/ch0/0fromTokyo/vendor/laravel/framework/src/Illuminate/Pipeline/Pipeline.php(137): Illuminate\Routing\Middleware\SubstituteBindings->handle(Object(Illuminate\Http\Request), Object(Closure))
#25 /Users/jigenjisk/laravel/ch0/0fromTokyo/vendor/laravel/framework/src/Illuminate/Routing/Pipeline.php(33): Illuminate\Pipeline\Pipeline->Illuminate\Pipeline\{closure}(Object(Illuminate\Http\Request))
#26 /Users/jigenjisk/laravel/ch0/0fromTokyo/vendor/laravel/framework/src/Illuminate/Foundation/Http/Middleware/VerifyCsrfToken.php(65): Illuminate\Routing\Pipeline->Illuminate\Routing\{closure}(Object(Illuminate\Http\Request))
#27 /Users/jigenjisk/laravel/ch0/0fromTokyo/vendor/laravel/framework/src/Illuminate/Pipeline/Pipeline.php(137): Illuminate\Foundation\Http\Middleware\VerifyCsrfToken->handle(Object(Illuminate\Http\Request), Object(Closure))
#28 /Users/jigenjisk/laravel/ch0/0fromTokyo/vendor/laravel/framework/src/Illuminate/Routing/Pipeline.php(33): Illuminate\Pipeline\Pipeline->Illuminate\Pipeline\{closure}(Object(Illuminate\Http\Request))
#29 /Users/jigenjisk/laravel/ch0/0fromTokyo/vendor/laravel/framework/src/Illuminate/View/Middleware/ShareErrorsFromSession.php(49): Illuminate\Routing\Pipeline->Illuminate\Routing\{closure}(Object(Illuminate\Http\Request))
#30 /Users/jigenjisk/laravel/ch0/0fromTokyo/vendor/laravel/framework/src/Illuminate/Pipeline/Pipeline.php(137): Illuminate\View\Middleware\ShareErrorsFromSession->handle(Object(Illuminate\Http\Request), Object(Closure))
#31 /Users/jigenjisk/laravel/ch0/0fromTokyo/vendor/laravel/framework/src/Illuminate/Routing/Pipeline.php(33): Illuminate\Pipeline\Pipeline->Illuminate\Pipeline\{closure}(Object(Illuminate\Http\Request))
#32 /Users/jigenjisk/laravel/ch0/0fromTokyo/vendor/laravel/framework/src/Illuminate/Session/Middleware/StartSession.php(64): Illuminate\Routing\Pipeline->Illuminate\Routing\{closure}(Object(Illuminate\Http\Request))
#33 /Users/jigenjisk/laravel/ch0/0fromTokyo/vendor/laravel/framework/src/Illuminate/Pipeline/Pipeline.php(137): Illuminate\Session\Middleware\StartSession->handle(Object(Illuminate\Http\Request), Object(Closure))
#34 /Users/jigenjisk/laravel/ch0/0fromTokyo/vendor/laravel/framework/src/Illuminate/Routing/Pipeline.php(33): Illuminate\Pipeline\Pipeline->Illuminate\Pipeline\{closure}(Object(Illuminate\Http\Request))
#35 /Users/jigenjisk/laravel/ch0/0fromTokyo/vendor/laravel/framework/src/Illuminate/Cookie/Middleware/AddQueuedCookiesToResponse.php(37): Illuminate\Routing\Pipeline->Illuminate\Routing\{closure}(Object(Illuminate\Http\Request))
#36 /Users/jigenjisk/laravel/ch0/0fromTokyo/vendor/laravel/framework/src/Illuminate/Pipeline/Pipeline.php(137): Illuminate\Cookie\Middleware\AddQueuedCookiesToResponse->handle(Object(Illuminate\Http\Request), Object(Closure))
#37 /Users/jigenjisk/laravel/ch0/0fromTokyo/vendor/laravel/framework/src/Illuminate/Routing/Pipeline.php(33): Illuminate\Pipeline\Pipeline->Illuminate\Pipeline\{closure}(Object(Illuminate\Http\Request))
#38 /Users/jigenjisk/laravel/ch0/0fromTokyo/vendor/laravel/framework/src/Illuminate/Cookie/Middleware/EncryptCookies.php(59): Illuminate\Routing\Pipeline->Illuminate\Routing\{closure}(Object(Illuminate\Http\Request))
#39 /Users/jigenjisk/laravel/ch0/0fromTokyo/vendor/laravel/framework/src/Illuminate/Pipeline/Pipeline.php(137): Illuminate\Cookie\Middleware\EncryptCookies->handle(Object(Illuminate\Http\Request), Object(Closure))
#40 /Users/jigenjisk/laravel/ch0/0fromTokyo/vendor/laravel/framework/src/Illuminate/Routing/Pipeline.php(33): Illuminate\Pipeline\Pipeline->Illuminate\Pipeline\{closure}(Object(Illuminate\Http\Request))
#41 /Users/jigenjisk/laravel/ch0/0fromTokyo/vendor/laravel/framework/src/Illuminate/Pipeline/Pipeline.php(104): Illuminate\Routing\Pipeline->Illuminate\Routing\{closure}(Object(Illuminate\Http\Request))
#42 /Users/jigenjisk/laravel/ch0/0fromTokyo/vendor/laravel/framework/src/Illuminate/Routing/Router.php(644): Illuminate\Pipeline\Pipeline->then(Object(Closure))
#43 /Users/jigenjisk/laravel/ch0/0fromTokyo/vendor/laravel/framework/src/Illuminate/Routing/Router.php(618): Illuminate\Routing\Router->runRouteWithinStack(Object(Illuminate\Routing\Route), Object(Illuminate\Http\Request))
#44 /Users/jigenjisk/laravel/ch0/0fromTokyo/vendor/laravel/framework/src/Illuminate/Routing/Router.php(596): Illuminate\Routing\Router->dispatchToRoute(Object(Illuminate\Http\Request))
#45 /Users/jigenjisk/laravel/ch0/0fromTokyo/vendor/laravel/framework/src/Illuminate/Foundation/Http/Kernel.php(268): Illuminate\Routing\Router->dispatch(Object(Illuminate\Http\Request))
#46 /Users/jigenjisk/laravel/ch0/0fromTokyo/vendor/laravel/framework/src/Illuminate/Routing/Pipeline.php(53): Illuminate\Foundation\Http\Kernel->Illuminate\Foundation\Http\{closure}(Object(Illuminate\Http\Request))
#47 /Users/jigenjisk/laravel/ch0/0fromTokyo/vendor/laravel/framework/src/Illuminate/Foundation/Http/Middleware/CheckForMaintenanceMode.php(46): Illuminate\Routing\Pipeline->Illuminate\Routing\{closure}(Object(Illuminate\Http\Request))
#48 /Users/jigenjisk/laravel/ch0/0fromTokyo/vendor/laravel/framework/src/Illuminate/Pipeline/Pipeline.php(137): Illuminate\Foundation\Http\Middleware\CheckForMaintenanceMode->handle(Object(Illuminate\Http\Request), Object(Closure))
#49 /Users/jigenjisk/laravel/ch0/0fromTokyo/vendor/laravel/framework/src/Illuminate/Routing/Pipeline.php(33): Illuminate\Pipeline\Pipeline->Illuminate\Pipeline\{closure}(Object(Illuminate\Http\Request))
#50 /Users/jigenjisk/laravel/ch0/0fromTokyo/vendor/laravel/framework/src/Illuminate/Pipeline/Pipeline.php(104): Illuminate\Routing\Pipeline->Illuminate\Routing\{closure}(Object(Illuminate\Http\Request))
#51 /Users/jigenjisk/laravel/ch0/0fromTokyo/vendor/laravel/framework/src/Illuminate/Foundation/Http/Kernel.php(150): Illuminate\Pipeline\Pipeline->then(Object(Closure))
#52 /Users/jigenjisk/laravel/ch0/0fromTokyo/vendor/laravel/framework/src/Illuminate/Foundation/Http/Kernel.php(117): Illuminate\Foundation\Http\Kernel->sendRequestThroughRouter(Object(Illuminate\Http\Request))
#53 /Users/jigenjisk/laravel/ch0/0fromTokyo/public/index.php(54): Illuminate\Foundation\Http\Kernel->handle(Object(Illuminate\Http\Request))
#54 /Users/jigenjisk/laravel/ch0/0fromTokyo/server.php(21): require_once('/Users/jigenjis...')
#55 {main}  
